# JRE version: Java(TM) SE Runtime Environment (8.0-b132) (build 1.8.0-b132)
# Java VM: Java HotSpot(TM) 64-Bit Server VM (25.0-b70 mixed mode bsd-amd64 compressed oops)
Heap:
 PSYoungGen      total 252416K, used 205172K [0x00000007a0000000, 0x00000007b6700000, 0x00000007c0000000)
  eden space 247808K, 81% used [0x00000007a0000000,0x00000007ac444bc0,0x00000007af200000)
  from space 4608K, 91% used [0x00000007afe80000,0x00000007b0298738,0x00000007b0300000)
  to   space 59904K, 0% used [0x00000007b2c80000,0x00000007b2c80000,0x00000007b6700000)
 ParOldGen       total 522752K, used 84133K [0x0000000760000000, 0x000000077fe80000, 0x00000007a0000000)
  object space 522752K, 16% used [0x0000000760000000,0x0000000765229480,0x000000077fe80000)
 Metaspace       used 252248K, capacity 254811K, committed 255220K, reserved 1259520K
  class space    used 45326K, capacity 45786K, committed 45864K, reserved 1048576K
GC Heap History (10 events):
Event: 31217.665 GC heap before
{Heap before GC invocations=103 (full 6):
 PSYoungGen      total 293888K, used 252944K [0x00000007a0000000, 0x00000007b5300000, 0x00000007c0000000)
  eden space 248832K, 100% used [0x00000007a0000000,0x00000007af300000,0x00000007af300000)
  from space 45056K, 9% used [0x00000007b2700000,0x00000007b2b04390,0x00000007b5300000)
  to   space 49152K, 0% used [0x00000007af300000,0x00000007af300000,0x00000007b2300000)
 ParOldGen       total 522752K, used 79366K [0x0000000760000000, 0x000000077fe80000, 0x00000007a0000000)
  object space 522752K, 15% used [0x0000000760000000,0x0000000764d819e8,0x000000077fe80000)
 Metaspace       used 245974K, capacity 248375K, committed 248692K, reserved 1253376K
  class space    used 44037K, capacity 44440K, committed 44456K, reserved 1048576K
Event: 31217.673 GC heap after
Heap after GC invocations=103 (full 6):
 PSYoungGen      total 297984K, used 3856K [0x00000007a0000000, 0x00000007b6f00000, 0x00000007c0000000)
  eden space 248832K, 0% used [0x00000007a0000000,0x00000007a0000000,0x00000007af300000)
  from space 49152K, 7% used [0x00000007af300000,0x00000007af6c4310,0x00000007b2300000)
  to   space 47104K, 0% used [0x00000007b4100000,0x00000007b4100000,0x00000007b6f00000)
 ParOldGen       total 522752K, used 80512K [0x0000000760000000, 0x000000077fe80000, 0x00000007a0000000)
  object space 522752K, 15% used [0x0000000760000000,0x0000000764ea01d8,0x000000077fe80000)
 Metaspace       used 245974K, capacity 248375K, committed 248692K, reserved 1253376K
  class space    used 44037K, capacity 44440K, committed 44456K, reserved 1048576K
}
Event: 34819.869 GC heap before
{Heap before GC invocations=104 (full 6):
 PSYoungGen      total 297984K, used 252688K [0x00000007a0000000, 0x00000007b6f00000, 0x00000007c0000000)
  eden space 248832K, 100% used [0x00000007a0000000,0x00000007af300000,0x00000007af300000)
  from space 49152K, 7% used [0x00000007af300000,0x00000007af6c4310,0x00000007b2300000)
  to   space 47104K, 0% used [0x00000007b4100000,0x00000007b4100000,0x00000007b6f00000)
 ParOldGen       total 522752K, used 80512K [0x0000000760000000, 0x000000077fe80000, 0x00000007a0000000)
  object space 522752K, 15% used [0x0000000760000000,0x0000000764ea01d8,0x000000077fe80000)
 Metaspace       used 246037K, capacity 248445K, committed 248692K, reserved 1253376K
  class space    used 44037K, capacity 44441K, committed 44456K, reserved 1048576K
Event: 34819.879 GC heap after
Heap after GC invocations=104 (full 6):
 PSYoungGen      total 316416K, used 3664K [0x00000007a0000000, 0x00000007b6680000, 0x00000007c0000000)
  eden space 278016K, 0% used [0x00000007a0000000,0x00000007a0000000,0x00000007b0f80000)
  from space 38400K, 9% used [0x00000007b4100000,0x00000007b4494350,0x00000007b6680000)
  to   space 44544K, 0% used [0x00000007b0f80000,0x00000007b0f80000,0x00000007b3b00000)
 ParOldGen       total 522752K, used 80588K [0x0000000760000000, 0x000000077fe80000, 0x00000007a0000000)
  object space 522752K, 15% used [0x0000000760000000,0x0000000764eb31e8,0x000000077fe80000)
 Metaspace       used 246037K, capacity 248445K, committed 248692K, reserved 1253376K
  class space    used 44037K, capacity 44441K, committed 44456K, reserved 1048576K
}
Event: 36738.750 GC heap before
{Heap before GC invocations=105 (full 6):
 PSYoungGen      total 316416K, used 281680K [0x00000007a0000000, 0x00000007b6680000, 0x00000007c0000000)
  eden space 278016K, 100% used [0x00000007a0000000,0x00000007b0f80000,0x00000007b0f80000)
  from space 38400K, 9% used [0x00000007b4100000,0x00000007b4494350,0x00000007b6680000)
  to   space 44544K, 0% used [0x00000007b0f80000,0x00000007b0f80000,0x00000007b3b00000)
 ParOldGen       total 522752K, used 80588K [0x0000000760000000, 0x000000077fe80000, 0x00000007a0000000)
  object space 522752K, 15% used [0x0000000760000000,0x0000000764eb31e8,0x000000077fe80000)
 Metaspace       used 246341K, capacity 248725K, committed 249076K, reserved 1253376K
  class space    used 44151K, capacity 44573K, committed 44584K, reserved 1048576K
Event: 36738.781 GC heap after
Heap after GC invocations=105 (full 6):
 PSYoungGen      total 309248K, used 44543K [0x00000007a0000000, 0x00000007b6d80000, 0x00000007c0000000)
  eden space 264704K, 0% used [0x00000007a0000000,0x00000007a0000000,0x00000007b0280000)
  from space 44544K, 99% used [0x00000007b0f80000,0x00000007b3affee8,0x00000007b3b00000)
  to   space 51712K, 0% used [0x00000007b3b00000,0x00000007b3b00000,0x00000007b6d80000)
 ParOldGen       total 522752K, used 82504K [0x0000000760000000, 0x000000077fe80000, 0x00000007a0000000)
  object space 522752K, 15% used [0x0000000760000000,0x00000007650921f0,0x000000077fe80000)
 Metaspace       used 246341K, capacity 248725K, committed 249076K, reserved 1253376K
  class space    used 44151K, capacity 44573K, committed 44584K, reserved 1048576K
}
Event: 36742.197 GC heap before
{Heap before GC invocations=106 (full 6):
 PSYoungGen      total 309248K, used 309247K [0x00000007a0000000, 0x00000007b6d80000, 0x00000007c0000000)
  eden space 264704K, 100% used [0x00000007a0000000,0x00000007b0280000,0x00000007b0280000)
  from space 44544K, 99% used [0x00000007b0f80000,0x00000007b3affee8,0x00000007b3b00000)
  to   space 51712K, 0% used [0x00000007b3b00000,0x00000007b3b00000,0x00000007b6d80000)
 ParOldGen       total 522752K, used 82504K [0x0000000760000000, 0x000000077fe80000, 0x00000007a0000000)
  object space 522752K, 15% used [0x0000000760000000,0x00000007650921f0,0x000000077fe80000)
 Metaspace       used 246926K, capacity 249325K, committed 249588K, reserved 1253376K
  class space    used 44345K, capacity 44769K, committed 44840K, reserved 1048576K
Event: 36742.227 GC heap after
Heap after GC invocations=106 (full 6):
 PSYoungGen      total 312320K, used 45722K [0x00000007a0000000, 0x00000007b9700000, 0x00000007c0000000)
  eden space 260608K, 0% used [0x00000007a0000000,0x00000007a0000000,0x00000007afe80000)
  from space 51712K, 88% used [0x00000007b3b00000,0x00000007b67a6b20,0x00000007b6d80000)
  to   space 61952K, 0% used [0x00000007afe80000,0x00000007afe80000,0x00000007b3b00000)
 ParOldGen       total 522752K, used 82564K [0x0000000760000000, 0x000000077fe80000, 0x00000007a0000000)
  object space 522752K, 15% used [0x0000000760000000,0x00000007650a1220,0x000000077fe80000)
 Metaspace       used 246926K, capacity 249325K, committed 249588K, reserved 1253376K
  class space    used 44345K, capacity 44769K, committed 44840K, reserved 1048576K
}
Event: 36744.681 GC heap before
{Heap before GC invocations=107 (full 6):
 PSYoungGen      total 312320K, used 306330K [0x00000007a0000000, 0x00000007b9700000, 0x00000007c0000000)
  eden space 260608K, 100% used [0x00000007a0000000,0x00000007afe80000,0x00000007afe80000)
  from space 51712K, 88% used [0x00000007b3b00000,0x00000007b67a6b20,0x00000007b6d80000)
  to   space 61952K, 0% used [0x00000007afe80000,0x00000007afe80000,0x00000007b3b00000)
 ParOldGen       total 522752K, used 82564K [0x0000000760000000, 0x000000077fe80000, 0x00000007a0000000)
  object space 522752K, 15% used [0x0000000760000000,0x00000007650a1220,0x000000077fe80000)
 Metaspace       used 247439K, capacity 249901K, committed 250100K, reserved 1255424K
  class space    used 44425K, capacity 44833K, committed 44840K, reserved 1048576K
Event: 36744.688 GC heap after
Heap after GC invocations=107 (full 6):
 PSYoungGen      total 252416K, used 4193K [0x00000007a0000000, 0x00000007b6700000, 0x00000007c0000000)
  eden space 247808K, 0% used [0x00000007a0000000,0x00000007a0000000,0x00000007af200000)
  from space 4608K, 91% used [0x00000007afe80000,0x00000007b0298738,0x00000007b0300000)
  to   space 59904K, 0% used [0x00000007b2c80000,0x00000007b2c80000,0x00000007b6700000)
 ParOldGen       total 522752K, used 84133K [0x0000000760000000, 0x000000077fe80000, 0x00000007a0000000)
  object space 522752K, 16% used [0x0000000760000000,0x0000000765229480,0x000000077fe80000)
 Metaspace       used 247439K, capacity 249901K, committed 250100K, reserved 1255424K
  class space    used 44425K, capacity 44833K, committed 44840K, reserved 1048576K
}

